"C:/Users/Brandon/Documents/Unreal Engine Projects/GameJam3/Content/Levels/LevelAssets/Jump3.uasset" 0
"C:/Users/Brandon/Documents/Unreal Engine Projects/GameJam3/Content/Levels/LevelAssets/Jump3.uexp" 1
"C:/Users/Brandon/Documents/Unreal Engine Projects/GameJam3/Content/Character/Run/run_6.uasset" 2
"C:/Users/Brandon/Documents/Unreal Engine Projects/GameJam3/Content/Character/Run/run_6.uexp" 3
"C:/Users/Brandon/Documents/Unreal Engine Projects/GameJam3/Content/Character/Run/run_6_Sprite_0.uasset" 4
"C:/Users/Brandon/Documents/Unreal Engine Projects/GameJam3/Content/Character/Run/run_6_Sprite_0.uexp" 5
"C:/Users/Brandon/Documents/Unreal Engine Projects/GameJam3/Content/Character/Run/run_5.uasset" 6
"C:/Users/Brandon/Documents/Unreal Engine Projects/GameJam3/Content/Character/Run/run_5.uexp" 7
"C:/Users/Brandon/Documents/Unreal Engine Projects/GameJam3/Content/Character/Run/run_5_Sprite_0.uasset" 8
"C:/Users/Brandon/Documents/Unreal Engine Projects/GameJam3/Content/Character/Run/run_5_Sprite_0.uexp" 9
"C:/Users/Brandon/Documents/Unreal Engine Projects/GameJam3/Content/Character/Run/run_4.uasset" 10
"C:/Users/Brandon/Documents/Unreal Engine Projects/GameJam3/Content/Character/Run/run_4.uexp" 11
"C:/Users/Brandon/Documents/Unreal Engine Projects/GameJam3/Content/Character/Run/run_4_Sprite_0.uasset" 12
"C:/Users/Brandon/Documents/Unreal Engine Projects/GameJam3/Content/Character/Run/run_4_Sprite_0.uexp" 13
"C:/Users/Brandon/Documents/Unreal Engine Projects/GameJam3/Content/Character/Run/run_3.uasset" 14
"C:/Users/Brandon/Documents/Unreal Engine Projects/GameJam3/Content/Character/Run/run_3.uexp" 15
"C:/Users/Brandon/Documents/Unreal Engine Projects/GameJam3/Content/Character/Run/run_3_Sprite_0.uasset" 16
"C:/Users/Brandon/Documents/Unreal Engine Projects/GameJam3/Content/Character/Run/run_3_Sprite_0.uexp" 17
"C:/Users/Brandon/Documents/Unreal Engine Projects/GameJam3/Content/Character/Run/run_2.uasset" 18
"C:/Users/Brandon/Documents/Unreal Engine Projects/GameJam3/Content/Character/Run/run_2.uexp" 19
"C:/Users/Brandon/Documents/Unreal Engine Projects/GameJam3/Content/Character/Run/run_2_Sprite_0.uasset" 20
"C:/Users/Brandon/Documents/Unreal Engine Projects/GameJam3/Content/Character/Run/run_2_Sprite_0.uexp" 21
"C:/Users/Brandon/Documents/Unreal Engine Projects/GameJam3/Content/Character/Run/run_1.uasset" 22
"C:/Users/Brandon/Documents/Unreal Engine Projects/GameJam3/Content/Character/Run/run_1.uexp" 23
"C:/Users/Brandon/Documents/Unreal Engine Projects/GameJam3/Content/Character/Run/run_1_Sprite_0.uasset" 24
"C:/Users/Brandon/Documents/Unreal Engine Projects/GameJam3/Content/Character/Run/run_1_Sprite_0.uexp" 25
"C:/Users/Brandon/Documents/Unreal Engine Projects/GameJam3/Content/Character/Run/Run.uasset" 26
"C:/Users/Brandon/Documents/Unreal Engine Projects/GameJam3/Content/Character/Run/Run.uexp" 27
"C:/Users/Brandon/Documents/Unreal Engine Projects/GameJam3/Content/Character/Jump/jump_3.uasset" 28
"C:/Users/Brandon/Documents/Unreal Engine Projects/GameJam3/Content/Character/Jump/jump_3.uexp" 29
"C:/Users/Brandon/Documents/Unreal Engine Projects/GameJam3/Content/Character/Jump/jump_3_Sprite_0.uasset" 30
"C:/Users/Brandon/Documents/Unreal Engine Projects/GameJam3/Content/Character/Jump/jump_3_Sprite_0.uexp" 31
"C:/Users/Brandon/Documents/Unreal Engine Projects/GameJam3/Content/Character/Jump/jump_2.uasset" 32
"C:/Users/Brandon/Documents/Unreal Engine Projects/GameJam3/Content/Character/Jump/jump_2.uexp" 33
"C:/Users/Brandon/Documents/Unreal Engine Projects/GameJam3/Content/Character/Jump/jump_2_Sprite_0.uasset" 34
"C:/Users/Brandon/Documents/Unreal Engine Projects/GameJam3/Content/Character/Jump/jump_2_Sprite_0.uexp" 35
"C:/Users/Brandon/Documents/Unreal Engine Projects/GameJam3/Content/Character/Jump/Jump.uasset" 36
"C:/Users/Brandon/Documents/Unreal Engine Projects/GameJam3/Content/Character/Jump/Jump.uexp" 37
"C:/Users/Brandon/Documents/Unreal Engine Projects/GameJam3/Content/Character/Idle/ready_3.uasset" 38
"C:/Users/Brandon/Documents/Unreal Engine Projects/GameJam3/Content/Character/Idle/ready_3.uexp" 39
"C:/Users/Brandon/Documents/Unreal Engine Projects/GameJam3/Content/Character/Idle/ready_3_Sprite_0.uasset" 40
"C:/Users/Brandon/Documents/Unreal Engine Projects/GameJam3/Content/Character/Idle/ready_3_Sprite_0.uexp" 41
"C:/Users/Brandon/Documents/Unreal Engine Projects/GameJam3/Content/Character/Idle/ready_2.uasset" 42
"C:/Users/Brandon/Documents/Unreal Engine Projects/GameJam3/Content/Character/Idle/ready_2.uexp" 43
"C:/Users/Brandon/Documents/Unreal Engine Projects/GameJam3/Content/Character/Idle/ready_2_Sprite_0.uasset" 44
"C:/Users/Brandon/Documents/Unreal Engine Projects/GameJam3/Content/Character/Idle/ready_2_Sprite_0.uexp" 45
"C:/Users/Brandon/Documents/Unreal Engine Projects/GameJam3/Content/Character/Idle/ready_1.uasset" 46
"C:/Users/Brandon/Documents/Unreal Engine Projects/GameJam3/Content/Character/Idle/ready_1.uexp" 47
"C:/Users/Brandon/Documents/Unreal Engine Projects/GameJam3/Content/Character/Idle/ready_1_Sprite_0.uasset" 48
"C:/Users/Brandon/Documents/Unreal Engine Projects/GameJam3/Content/Character/Idle/ready_1_Sprite_0.uexp" 49
"C:/Users/Brandon/Documents/Unreal Engine Projects/GameJam3/Content/Character/Idle/Idle.uasset" 50
"C:/Users/Brandon/Documents/Unreal Engine Projects/GameJam3/Content/Character/Idle/Idle.uexp" 51
"../../../Engine/Content/EditorBlueprintResources/StandardMacros.uasset" 52
"../../../Engine/Content/EditorBlueprintResources/StandardMacros.uexp" 53
"C:/Users/Brandon/Documents/Unreal Engine Projects/GameJam3/Content/2DSideScrollerBP/Blueprints/2DSideScrollerCharacter.uasset" 54
"C:/Users/Brandon/Documents/Unreal Engine Projects/GameJam3/Content/2DSideScrollerBP/Blueprints/2DSideScrollerCharacter.uexp" 55
"C:/Users/Brandon/Documents/Unreal Engine Projects/GameJam3/Content/2DSideScrollerBP/Blueprints/2DSideScrollerGameMode.uasset" 56
"C:/Users/Brandon/Documents/Unreal Engine Projects/GameJam3/Content/2DSideScrollerBP/Blueprints/2DSideScrollerGameMode.uexp" 57
"../../../Engine/Content/Functions/Engine_MaterialFunctions01/Opacity/CameraDepthFade.uasset" 58
"../../../Engine/Content/Functions/Engine_MaterialFunctions01/Opacity/CameraDepthFade.uexp" 59
"../../../Engine/Content/EngineMaterials/T_Default_Material_Grid_N.uasset" 60
"../../../Engine/Content/EngineMaterials/T_Default_Material_Grid_N.uexp" 61
"../../../Engine/Content/EngineMaterials/T_Default_Material_Grid_N.ubulk" 62
"../../../Engine/Content/EngineMaterials/T_Default_Material_Grid_M.uasset" 63
"../../../Engine/Content/EngineMaterials/T_Default_Material_Grid_M.uexp" 64
"../../../Engine/Content/EngineMaterials/T_Default_Material_Grid_M.ubulk" 65
"../../../Engine/Content/EngineMaterials/WorldGridMaterial.uasset" 66
"../../../Engine/Content/EngineMaterials/WorldGridMaterial.uexp" 67
"../../../Engine/Content/ArtTools/RenderToTexture/Meshes/S_1_Unit_Plane.uasset" 68
"../../../Engine/Content/ArtTools/RenderToTexture/Meshes/S_1_Unit_Plane.uexp" 69
"../../../Engine/Content/EngineMaterials/DefaultMaterial.uasset" 70
"../../../Engine/Content/EngineMaterials/DefaultMaterial.uexp" 71
"../../../Engine/Content/BasicShapes/Cone.uasset" 72
"../../../Engine/Content/BasicShapes/Cone.uexp" 73
"../../../Engine/Content/BasicShapes/Cube.uasset" 74
"../../../Engine/Content/BasicShapes/Cube.uexp" 75
"../../../Engine/Content/BasicShapes/Plane.uasset" 76
"../../../Engine/Content/BasicShapes/Plane.uexp" 77
"../../../Engine/Content/BasicShapes/Sphere.uasset" 78
"../../../Engine/Content/BasicShapes/Sphere.uexp" 79
"../../../Engine/Content/EditorLandscapeResources/DataLayer.uasset" 80
"../../../Engine/Content/EditorLandscapeResources/DataLayer.uexp" 81
"../../../Engine/Content/EditorLandscapeResources/DefaultAlphaTexture.uasset" 82
"../../../Engine/Content/EditorLandscapeResources/DefaultAlphaTexture.uexp" 83
"../../../Engine/Content/EditorMaterials/MAT_Groups_Toggle.uasset" 84
"../../../Engine/Content/EditorMaterials/MAT_Groups_Toggle.uexp" 85
"../../../Engine/Content/EditorMaterials/MAT_Groups_Visibility.uasset" 86
"../../../Engine/Content/EditorMaterials/MAT_Groups_Visibility.uexp" 87
"../../../Engine/Content/EditorMaterials/PreviewShadowIndicator.uasset" 88
"../../../Engine/Content/EditorMaterials/PreviewShadowIndicator.uexp" 89
"../../../Engine/Content/EditorMaterials/PreviewShadowIndicator.ubulk" 90
"../../../Engine/Content/EditorMaterials/PreviewShadowIndicatorMaterial.uasset" 91
"../../../Engine/Content/EditorMaterials/PreviewShadowIndicatorMaterial.uexp" 92
"../../../Engine/Content/EditorMaterials/MatineeGroups/MAT_ColorTrack.uasset" 93
"../../../Engine/Content/EditorMaterials/MatineeGroups/MAT_ColorTrack.uexp" 94
"../../../Engine/Content/EditorMaterials/MatineeGroups/MAT_Groups_Anim.uasset" 95
"../../../Engine/Content/EditorMaterials/MatineeGroups/MAT_Groups_Anim.uexp" 96
"../../../Engine/Content/EditorMaterials/MatineeGroups/MAT_Groups_AudioMaster.uasset" 97
"../../../Engine/Content/EditorMaterials/MatineeGroups/MAT_Groups_AudioMaster.uexp" 98
"../../../Engine/Content/EditorMaterials/MatineeGroups/MAT_Groups_Director.uasset" 99
"../../../Engine/Content/EditorMaterials/MatineeGroups/MAT_Groups_Director.uexp" 100
"../../../Engine/Content/EditorMaterials/MatineeGroups/MAT_Groups_Event.uasset" 101
"../../../Engine/Content/EditorMaterials/MatineeGroups/MAT_Groups_Event.uexp" 102
"../../../Engine/Content/EditorMaterials/MatineeGroups/MAT_Groups_Fade.uasset" 103
"../../../Engine/Content/EditorMaterials/MatineeGroups/MAT_Groups_Fade.uexp" 104
"../../../Engine/Content/EditorMaterials/MatineeGroups/MAT_Groups_Float.uasset" 105
"../../../Engine/Content/EditorMaterials/MatineeGroups/MAT_Groups_Float.uexp" 106
"../../../Engine/Content/EditorMaterials/MatineeGroups/MAT_Groups_Move.uasset" 107
"../../../Engine/Content/EditorMaterials/MatineeGroups/MAT_Groups_Move.uexp" 108
"../../../Engine/Content/EditorMaterials/MatineeGroups/MAT_Groups_Slomo.uasset" 109
"../../../Engine/Content/EditorMaterials/MatineeGroups/MAT_Groups_Slomo.uexp" 110
"../../../Engine/Content/EditorMaterials/MatineeGroups/MAT_Groups_Sound.uasset" 111
"../../../Engine/Content/EditorMaterials/MatineeGroups/MAT_Groups_Sound.uexp" 112
"../../../Engine/Content/EditorMaterials/MatineeGroups/MAT_Groups_Vector.uasset" 113
"../../../Engine/Content/EditorMaterials/MatineeGroups/MAT_Groups_Vector.uexp" 114
"../../../Engine/Content/EditorMaterials/ParticleSystems/PSysThumbnail_NoImage.uasset" 115
"../../../Engine/Content/EditorMaterials/ParticleSystems/PSysThumbnail_NoImage.uexp" 116
"../../../Engine/Content/EditorMaterials/ParticleSystems/PSysThumbnail_NoImage.ubulk" 117
"../../../Engine/Content/EditorMaterials/ParticleSystems/PSysThumbnail_OOD.uasset" 118
"../../../Engine/Content/EditorMaterials/ParticleSystems/PSysThumbnail_OOD.uexp" 119
"../../../Engine/Content/EditorMaterials/ParticleSystems/PSysThumbnail_OOD.ubulk" 120
"../../../Engine/Content/EditorMaterials/Camera/CineMat.uasset" 121
"../../../Engine/Content/EditorMaterials/Camera/CineMat.uexp" 122
"../../../Engine/Content/EditorMaterials/Camera/MI_CineMat_Rig.uasset" 123
"../../../Engine/Content/EditorMaterials/Camera/MI_CineMat_Rig.uexp" 124
"../../../Engine/Content/EditorMeshes/Camera/SM_CraneRig_Arm.uasset" 125
"../../../Engine/Content/EditorMeshes/Camera/SM_CraneRig_Arm.uexp" 126
"../../../Engine/Content/EditorMeshes/Camera/SM_CraneRig_Base.uasset" 127
"../../../Engine/Content/EditorMeshes/Camera/SM_CraneRig_Base.uexp" 128
"../../../Engine/Content/EditorMeshes/Camera/SM_CraneRig_Body.uasset" 129
"../../../Engine/Content/EditorMeshes/Camera/SM_CraneRig_Body.uexp" 130
"../../../Engine/Content/EditorMeshes/Camera/SM_CraneRig_Mount.uasset" 131
"../../../Engine/Content/EditorMeshes/Camera/SM_CraneRig_Mount.uexp" 132
"../../../Engine/Content/EditorMeshes/Camera/SM_RailRig_Mount.uasset" 133
"../../../Engine/Content/EditorMeshes/Camera/SM_RailRig_Mount.uexp" 134
"../../../Engine/Content/EditorMeshes/Camera/SM_RailRig_Track.uasset" 135
"../../../Engine/Content/EditorMeshes/Camera/SM_RailRig_Track.uexp" 136
"../../../Engine/Content/EditorResources/BSPVertex.uasset" 137
"../../../Engine/Content/EditorResources/BSPVertex.uexp" 138
"../../../Engine/Content/EditorResources/S_Actor.uasset" 139
"../../../Engine/Content/EditorResources/S_Actor.uexp" 140
"../../../Engine/Content/EditorResources/S_Actor.ubulk" 141
"../../../Engine/Content/EditorResources/S_Note.uasset" 142
"../../../Engine/Content/EditorResources/S_Note.uexp" 143
"../../../Engine/Content/EditorResources/S_Note.ubulk" 144
"../../../Engine/Content/EditorResources/S_Solver.uasset" 145
"../../../Engine/Content/EditorResources/S_Solver.uexp" 146
"../../../Engine/Content/EditorResources/S_Solver.ubulk" 147
"../../../Engine/Content/EditorResources/S_Terrain.uasset" 148
"../../../Engine/Content/EditorResources/S_Terrain.uexp" 149
"../../../Engine/Content/EditorResources/S_Terrain.ubulk" 150
"../../../Engine/Content/EditorResources/S_Trigger.uasset" 151
"../../../Engine/Content/EditorResources/S_Trigger.uexp" 152
"../../../Engine/Content/EditorResources/S_Trigger.ubulk" 153
"../../../Engine/Content/EditorResources/SequenceRecorder/Countdown.uasset" 154
"../../../Engine/Content/EditorResources/SequenceRecorder/Countdown.uexp" 155
"../../../Engine/Content/EditorResources/SequenceRecorder/RecordingIndicator.uasset" 156
"../../../Engine/Content/EditorResources/SequenceRecorder/RecordingIndicator.uexp" 157
"../../../Engine/Content/EngineDamageTypes/DmgTypeBP_Environmental.uasset" 158
"../../../Engine/Content/EngineDamageTypes/DmgTypeBP_Environmental.uexp" 159
"../../../Engine/Content/EngineDebugMaterials/DebugEditorMaterial.uasset" 160
"../../../Engine/Content/EngineDebugMaterials/DebugEditorMaterial.uexp" 161
"../../../Engine/Content/EngineDebugMaterials/DebugMeshMaterial.uasset" 162
"../../../Engine/Content/EngineDebugMaterials/DebugMeshMaterial.uexp" 163
"../../../Engine/Content/EngineDebugMaterials/M_SimpleUnlitTranslucent.uasset" 164
"../../../Engine/Content/EngineDebugMaterials/M_SimpleUnlitTranslucent.uexp" 165
"../../../Engine/Content/EngineDebugMaterials/VolumeToRender.uasset" 166
"../../../Engine/Content/EngineDebugMaterials/VolumeToRender.uexp" 167
"../../../Engine/Content/Functions/Engine_MaterialFunctions02/Utility/CameraDirectionVector.uasset" 168
"../../../Engine/Content/Functions/Engine_MaterialFunctions02/Utility/CameraDirectionVector.uexp" 169
"../../../Engine/Content/EngineDebugMaterials/M_VolumeRenderSphereTracePP.uasset" 170
"../../../Engine/Content/EngineDebugMaterials/M_VolumeRenderSphereTracePP.uexp" 171
"../../../Engine/Content/Functions/Engine_MaterialFunctions01/Shading/ConvertFromDiffSpec.uasset" 172
"../../../Engine/Content/Functions/Engine_MaterialFunctions01/Shading/ConvertFromDiffSpec.uexp" 173
"../../../Engine/Content/EngineDebugMaterials/VertexColorMaterial.uasset" 174
"../../../Engine/Content/EngineDebugMaterials/VertexColorMaterial.uexp" 175
"../../../Engine/Content/EngineDebugMaterials/WireframeMaterial.uasset" 176
"../../../Engine/Content/EngineDebugMaterials/WireframeMaterial.uexp" 177
"../../../Engine/Content/EngineFonts/Faces/RobotoRegular.uasset" 178
"../../../Engine/Content/EngineFonts/Faces/RobotoRegular.uexp" 179
"../../../Engine/Content/EngineFonts/Faces/RobotoRegular.ufont" 180
"../../../Engine/Content/EngineFonts/Faces/RobotoLight.uasset" 181
"../../../Engine/Content/EngineFonts/Faces/RobotoLight.uexp" 182
"../../../Engine/Content/EngineFonts/Faces/RobotoLight.ufont" 183
"../../../Engine/Content/EngineFonts/Faces/RobotoItalic.uasset" 184
"../../../Engine/Content/EngineFonts/Faces/RobotoItalic.uexp" 185
"../../../Engine/Content/EngineFonts/Faces/RobotoItalic.ufont" 186
"../../../Engine/Content/EngineFonts/Faces/RobotoBoldItalic.uasset" 187
"../../../Engine/Content/EngineFonts/Faces/RobotoBoldItalic.uexp" 188
"../../../Engine/Content/EngineFonts/Faces/RobotoBoldItalic.ufont" 189
"../../../Engine/Content/EngineFonts/Faces/RobotoBold.uasset" 190
"../../../Engine/Content/EngineFonts/Faces/RobotoBold.uexp" 191
"../../../Engine/Content/EngineFonts/Faces/RobotoBold.ufont" 192
"../../../Engine/Content/EngineFonts/Faces/DroidSansFallback.uasset" 193
"../../../Engine/Content/EngineFonts/Faces/DroidSansFallback.uexp" 194
"../../../Engine/Content/EngineFonts/Faces/DroidSansFallback.ufont" 195
"../../../Engine/Content/EngineFonts/Roboto.uasset" 196
"../../../Engine/Content/EngineFonts/Roboto.uexp" 197
"../../../Engine/Content/EngineMaterials/BaseFlattenNormalMap.uasset" 198
"../../../Engine/Content/EngineMaterials/BaseFlattenNormalMap.uexp" 199
"../../../Engine/Content/EngineMaterials/BaseFlattenGrayscaleMap.uasset" 200
"../../../Engine/Content/EngineMaterials/BaseFlattenGrayscaleMap.uexp" 201
"../../../Engine/Content/EngineMaterials/BaseFlattenEmissiveMap.uasset" 202
"../../../Engine/Content/EngineMaterials/BaseFlattenEmissiveMap.uexp" 203
"../../../Engine/Content/EngineMaterials/BaseFlattenDiffuseMap.uasset" 204
"../../../Engine/Content/EngineMaterials/BaseFlattenDiffuseMap.uexp" 205
"../../../Engine/Content/EngineMaterials/BaseFlattenMaterial.uasset" 206
"../../../Engine/Content/EngineMaterials/BaseFlattenMaterial.uexp" 207
"../../../Engine/Content/EngineMaterials/BlueNoise.uasset" 208
"../../../Engine/Content/EngineMaterials/BlueNoise.uexp" 209
"../../../Engine/Content/EngineMaterials/DefaultBloomKernel.uasset" 210
"../../../Engine/Content/EngineMaterials/DefaultBloomKernel.uexp" 211
"../../../Engine/Content/EngineMaterials/DefaultBokeh.uasset" 212
"../../../Engine/Content/EngineMaterials/DefaultBokeh.uexp" 213
"../../../Engine/Content/EngineMaterials/DefaultDiffuse.uasset" 214
"../../../Engine/Content/EngineMaterials/DefaultDiffuse.uexp" 215
"../../../Engine/Content/EngineMaterials/DefaultDiffuse.ubulk" 216
"../../../Engine/Content/EngineMaterials/DefaultDeferredDecalMaterial.uasset" 217
"../../../Engine/Content/EngineMaterials/DefaultDeferredDecalMaterial.uexp" 218
"../../../Engine/Content/EngineMaterials/DefaultLightFunctionMaterial.uasset" 219
"../../../Engine/Content/EngineMaterials/DefaultLightFunctionMaterial.uexp" 220
"../../../Engine/Content/EngineMaterials/DefaultPhysicalMaterial.uasset" 221
"../../../Engine/Content/EngineMaterials/DefaultPhysicalMaterial.uexp" 222
"../../../Engine/Content/Functions/Engine_MaterialFunctions02/Utility/BreakOutFloat2Components.uasset" 223
"../../../Engine/Content/Functions/Engine_MaterialFunctions02/Utility/BreakOutFloat2Components.uexp" 224
"../../../Engine/Content/EngineMaterials/DefaultPostProcessMaterial.uasset" 225
"../../../Engine/Content/EngineMaterials/DefaultPostProcessMaterial.uexp" 226
"../../../Engine/Content/EngineFonts/RobotoDistanceField.uasset" 227
"../../../Engine/Content/EngineFonts/RobotoDistanceField.uexp" 228
"../../../Engine/Content/EngineMaterials/DefaultTextMaterialOpaque.uasset" 229
"../../../Engine/Content/EngineMaterials/DefaultTextMaterialOpaque.uexp" 230
"../../../Engine/Content/EngineMaterials/DefaultWhiteGrid.uasset" 231
"../../../Engine/Content/EngineMaterials/DefaultWhiteGrid.uexp" 232
"../../../Engine/Content/EngineMaterials/DefaultWhiteGrid.ubulk" 233
"../../../Engine/Content/EngineMaterials/DefaultWhiteGrid_Low.uasset" 234
"../../../Engine/Content/EngineMaterials/DefaultWhiteGrid_Low.uexp" 235
"../../../Engine/Content/EngineMaterials/EmissiveMeshMaterial.uasset" 236
"../../../Engine/Content/EngineMaterials/EmissiveMeshMaterial.uexp" 237
"../../../Engine/Content/EngineMaterials/GizmoMaterial.uasset" 238
"../../../Engine/Content/EngineMaterials/GizmoMaterial.uexp" 239
"../../../Engine/Content/EngineMaterials/Good64x64TilingNoiseHighFreq.uasset" 240
"../../../Engine/Content/EngineMaterials/Good64x64TilingNoiseHighFreq.uexp" 241
"../../../Engine/Content/EngineMaterials/MiniFont.uasset" 242
"../../../Engine/Content/EngineMaterials/MiniFont.uexp" 243
"../../../Engine/Content/EngineMaterials/InvalidLightmapSettings.uasset" 244
"../../../Engine/Content/EngineMaterials/InvalidLightmapSettings.uexp" 245
"../../../Engine/Content/EngineMaterials/InvalidLightmapSettings.ubulk" 246
"../../../Engine/Content/EngineMaterials/M_InvalidLightmapSettings.uasset" 247
"../../../Engine/Content/EngineMaterials/M_InvalidLightmapSettings.uexp" 248
"../../../Engine/Content/Functions/Engine_MaterialFunctions02/WorldPositionOffset/CameraOffset.uasset" 249
"../../../Engine/Content/Functions/Engine_MaterialFunctions02/WorldPositionOffset/CameraOffset.uexp" 250
"../../../Engine/Content/EngineMaterials/PhAT_JointLimitMaterial.uasset" 251
"../../../Engine/Content/EngineMaterials/PhAT_JointLimitMaterial.uexp" 252
"../../../Engine/Content/EngineMaterials/DefaultCalibrationColor.uasset" 253
"../../../Engine/Content/EngineMaterials/DefaultCalibrationColor.uexp" 254
"../../../Engine/Content/EngineMaterials/PPM_DefaultCalibrationColor.uasset" 255
"../../../Engine/Content/EngineMaterials/PPM_DefaultCalibrationColor.uexp" 256
"../../../Engine/Content/EngineMaterials/DefaultCalibrationGrayscale.uasset" 257
"../../../Engine/Content/EngineMaterials/DefaultCalibrationGrayscale.uexp" 258
"../../../Engine/Content/EngineMaterials/PPM_DefaultCalibrationGrayscale.uasset" 259
"../../../Engine/Content/EngineMaterials/PPM_DefaultCalibrationGrayscale.uexp" 260
"../../../Engine/Content/EngineMaterials/PreintegratedSkinBRDF.uasset" 261
"../../../Engine/Content/EngineMaterials/PreintegratedSkinBRDF.uexp" 262
"../../../Engine/Content/EngineMaterials/RemoveSurfaceMaterial.uasset" 263
"../../../Engine/Content/EngineMaterials/RemoveSurfaceMaterial.uexp" 264
"../../../Engine/Content/EngineMaterials/WeightMapPlaceholderTexture.uasset" 265
"../../../Engine/Content/EngineMaterials/WeightMapPlaceholderTexture.uexp" 266
"../../../Engine/Content/EngineResources/WhiteSquareTexture.uasset" 267
"../../../Engine/Content/EngineResources/WhiteSquareTexture.uexp" 268
"../../../Engine/Content/EngineMaterials/Widget3DPassThrough.uasset" 269
"../../../Engine/Content/EngineMaterials/Widget3DPassThrough.uexp" 270
"../../../Engine/Content/EngineMaterials/Widget3DPassThrough_Masked.uasset" 271
"../../../Engine/Content/EngineMaterials/Widget3DPassThrough_Masked.uexp" 272
"../../../Engine/Content/EngineMaterials/Widget3DPassThrough_Opaque.uasset" 273
"../../../Engine/Content/EngineMaterials/Widget3DPassThrough_Opaque.uexp" 274
"../../../Engine/Content/EngineMaterials/Widget3DPassThrough_Masked_OneSided.uasset" 275
"../../../Engine/Content/EngineMaterials/Widget3DPassThrough_Masked_OneSided.uexp" 276
"../../../Engine/Content/EngineMaterials/Widget3DPassThrough_Opaque_OneSided.uasset" 277
"../../../Engine/Content/EngineMaterials/Widget3DPassThrough_Opaque_OneSided.uexp" 278
"../../../Engine/Content/EngineMaterials/Widget3DPassThrough_Translucent.uasset" 279
"../../../Engine/Content/EngineMaterials/Widget3DPassThrough_Translucent.uexp" 280
"../../../Engine/Content/EngineMaterials/Widget3DPassThrough_Translucent_OneSided.uasset" 281
"../../../Engine/Content/EngineMaterials/Widget3DPassThrough_Translucent_OneSided.uexp" 282
"../../../Engine/Content/EngineMeshes/Cylinder.uasset" 283
"../../../Engine/Content/EngineMeshes/Cylinder.uexp" 284
"../../../Engine/Content/EngineMeshes/Sphere.uasset" 285
"../../../Engine/Content/EngineMeshes/Sphere.uexp" 286
"../../../Engine/Content/EngineResources/DefaultTexture.uasset" 287
"../../../Engine/Content/EngineResources/DefaultTexture.uexp" 288
"../../../Engine/Content/EngineResources/DefaultTexture.ubulk" 289
"../../../Engine/Content/EngineResources/DefaultTextureCube.uasset" 290
"../../../Engine/Content/EngineResources/DefaultTextureCube.uexp" 291
"../../../Engine/Content/EngineResources/DefaultVolumeTexture2D.uasset" 292
"../../../Engine/Content/EngineResources/DefaultVolumeTexture2D.uexp" 293
"../../../Engine/Content/EngineResources/DefaultVolumeTexture.uasset" 294
"../../../Engine/Content/EngineResources/DefaultVolumeTexture.uexp" 295
"../../../Engine/Content/EngineResources/GradientTexture0.uasset" 296
"../../../Engine/Content/EngineResources/GradientTexture0.uexp" 297
"../../../Engine/Content/EngineSky/VolumetricClouds/T_NoiseShape64.uasset" 298
"../../../Engine/Content/EngineSky/VolumetricClouds/T_NoiseShape64.uexp" 299
"../../../Engine/Content/EngineSky/VolumetricClouds/T_NoiseShape64.ubulk" 300
"../../../Engine/Content/EngineSky/VolumetricClouds/T_VolumeNoiseShape64.uasset" 301
"../../../Engine/Content/EngineSky/VolumetricClouds/T_VolumeNoiseShape64.uexp" 302
"../../../Engine/Content/EngineSky/VolumetricClouds/T_NoiseErosion.uasset" 303
"../../../Engine/Content/EngineSky/VolumetricClouds/T_NoiseErosion.uexp" 304
"../../../Engine/Content/EngineSky/VolumetricClouds/T_NoiseErosion.ubulk" 305
"../../../Engine/Content/EngineSky/VolumetricClouds/T_VolumeNoiseErosion32.uasset" 306
"../../../Engine/Content/EngineSky/VolumetricClouds/T_VolumeNoiseErosion32.uexp" 307
"../../../Engine/Content/Functions/Engine_MaterialFunctions02/Utility/MakeFloat2.uasset" 308
"../../../Engine/Content/Functions/Engine_MaterialFunctions02/Utility/MakeFloat2.uexp" 309
"../../../Engine/Content/EngineSky/VolumetricClouds/CloudWeatherTexture.uasset" 310
"../../../Engine/Content/EngineSky/VolumetricClouds/CloudWeatherTexture.uexp" 311
"../../../Engine/Content/EngineSky/VolumetricClouds/CloudGradientTexture.uasset" 312
"../../../Engine/Content/EngineSky/VolumetricClouds/CloudGradientTexture.uexp" 313
"../../../Engine/Content/EngineSky/VolumetricClouds/m_SimpleVolumetricCloud.uasset" 314
"../../../Engine/Content/EngineSky/VolumetricClouds/m_SimpleVolumetricCloud.uexp" 315
"../../../Engine/Content/EngineSky/VolumetricClouds/m_SimpleVolumetricCloud_Inst.uasset" 316
"../../../Engine/Content/EngineSky/VolumetricClouds/m_SimpleVolumetricCloud_Inst.uexp" 317
"../../../Engine/Content/EngineSounds/Master.uasset" 318
"../../../Engine/Content/EngineSounds/Master.uexp" 319
"../../../Engine/Content/Functions/Engine_MaterialFunctions01/Shading/PowerToRoughness.uasset" 320
"../../../Engine/Content/Functions/Engine_MaterialFunctions01/Shading/PowerToRoughness.uexp" 321
"../../../Engine/Content/Maps/Templates/Thumbnails/Default.uasset" 322
"../../../Engine/Content/Maps/Templates/Thumbnails/Default.uexp" 323
"../../../Engine/Content/Maps/Templates/Thumbnails/TimeOfDay.uasset" 324
"../../../Engine/Content/Maps/Templates/Thumbnails/TimeOfDay.uexp" 325
"../../../Engine/Content/Maps/Templates/Thumbnails/VR-Basic.uasset" 326
"../../../Engine/Content/Maps/Templates/Thumbnails/VR-Basic.uexp" 327
"../../../Engine/Content/MobileResources/T_MobileControls_texture.uasset" 328
"../../../Engine/Content/MobileResources/T_MobileControls_texture.uexp" 329
"../../../Engine/Content/MobileResources/T_MobileMenu2.uasset" 330
"../../../Engine/Content/MobileResources/T_MobileMenu2.uexp" 331
"../../../Engine/Content/MobileResources/HUD/AnalogHat.uasset" 332
"../../../Engine/Content/MobileResources/HUD/AnalogHat.uexp" 333
"../../../Engine/Content/MobileResources/HUD/VirtualJoystick_Thumb.uasset" 334
"../../../Engine/Content/MobileResources/HUD/VirtualJoystick_Thumb.uexp" 335
"../../../Engine/Content/MobileResources/HUD/VirtualJoystick_Background.uasset" 336
"../../../Engine/Content/MobileResources/HUD/VirtualJoystick_Background.uexp" 337
"../../../Engine/Content/MobileResources/HUD/DefaultVirtualJoysticks.uasset" 338
"../../../Engine/Content/MobileResources/HUD/DefaultVirtualJoysticks.uexp" 339
"../../../Engine/Content/MobileResources/HUD/LeftVirtualJoystickOnly.uasset" 340
"../../../Engine/Content/MobileResources/HUD/LeftVirtualJoystickOnly.uexp" 341
"../../../Engine/Content/MobileResources/HUD/MobileHUDButton1_off.uasset" 342
"../../../Engine/Content/MobileResources/HUD/MobileHUDButton1_off.uexp" 343
"../../../Engine/Content/MobileResources/HUD/MobileHUDButton1_on.uasset" 344
"../../../Engine/Content/MobileResources/HUD/MobileHUDButton1_on.uexp" 345
"../../../Engine/Content/MobileResources/HUD/MobileHUDButton2_off.uasset" 346
"../../../Engine/Content/MobileResources/HUD/MobileHUDButton2_off.uexp" 347
"../../../Engine/Content/MobileResources/HUD/MobileHUDButton2_on.uasset" 348
"../../../Engine/Content/MobileResources/HUD/MobileHUDButton2_on.uexp" 349
"../../../Engine/Content/MobileResources/HUD/MobileHUDButton3.uasset" 350
"../../../Engine/Content/MobileResources/HUD/MobileHUDButton3.uexp" 351
"../../../Engine/Content/MobileResources/HUD/MobileHUDButtonFire.uasset" 352
"../../../Engine/Content/MobileResources/HUD/MobileHUDButtonFire.uexp" 353
"../../../Engine/Content/MobileResources/HUD/MobileHUDDirectionPad.uasset" 354
"../../../Engine/Content/MobileResources/HUD/MobileHUDDirectionPad.uexp" 355
"../../../Engine/Content/MobileResources/HUD/MobileHUDDirectionPad2.uasset" 356
"../../../Engine/Content/MobileResources/HUD/MobileHUDDirectionPad2.uexp" 357
"../../../Engine/Content/MobileResources/HUD/MobileHUDDirectionPad3.uasset" 358
"../../../Engine/Content/MobileResources/HUD/MobileHUDDirectionPad3.uexp" 359
"../../../Engine/Content/MobileResources/HUD/MobileHUDDirectionStick.uasset" 360
"../../../Engine/Content/MobileResources/HUD/MobileHUDDirectionStick.uexp" 361
"../../../Engine/Content/MobileResources/HUD/T_Castle_ThumbstickInner.uasset" 362
"../../../Engine/Content/MobileResources/HUD/T_Castle_ThumbstickInner.uexp" 363
"../../../Engine/Content/MobileResources/HUD/T_Castle_ThumbstickOutter.uasset" 364
"../../../Engine/Content/MobileResources/HUD/T_Castle_ThumbstickOutter.uexp" 365
"../../../Engine/Content/Tutorial/ContentIntroCurve.uasset" 366
"../../../Engine/Content/Tutorial/ContentIntroCurve.uexp" 367
"../../../Engine/Content/Tutorial/Basics/TutorialAssets/icon_tab_Levels_40x.uasset" 368
"../../../Engine/Content/Tutorial/Basics/TutorialAssets/icon_tab_Levels_40x.uexp" 369
"../../../Engine/Content/Tutorial/BlueprintTutorials/TutorialAssets/Blueprint_64x.uasset" 370
"../../../Engine/Content/Tutorial/BlueprintTutorials/TutorialAssets/Blueprint_64x.uexp" 371
"../../../Engine/Content/VREditor/TransformGizmo/TranslucentTransformGizmoMaterial.uasset" 372
"../../../Engine/Content/VREditor/TransformGizmo/TranslucentTransformGizmoMaterial.uexp" 373
"../../../Engine/Content/VREditor/LaserPointer/VR_LaserPower_01.uasset" 374
"../../../Engine/Content/VREditor/LaserPointer/VR_LaserPower_01.uexp" 375
"../../../Engine/Content/VREditor/LaserPointer/VR_LaserPower_01.ubulk" 376
"../../../Engine/Content/VREditor/TransformGizmo/TransformGizmoMaterial.uasset" 377
"../../../Engine/Content/VREditor/TransformGizmo/TransformGizmoMaterial.uexp" 378
"../../../Engine/Content/VREditor/TransformGizmo/BoundingBoxCorner.uasset" 379
"../../../Engine/Content/VREditor/TransformGizmo/BoundingBoxCorner.uexp" 380
"../../../Engine/Content/VREditor/TransformGizmo/BoundingBoxEdge.uasset" 381
"../../../Engine/Content/VREditor/TransformGizmo/BoundingBoxEdge.uexp" 382
"../../../Engine/Content/VREditor/TransformGizmo/PlaneTranslationHandle.uasset" 383
"../../../Engine/Content/VREditor/TransformGizmo/PlaneTranslationHandle.uexp" 384
"../../../Engine/Content/VREditor/TransformGizmo/Xray.uasset" 385
"../../../Engine/Content/VREditor/TransformGizmo/Xray.uexp" 386
"../../../Engine/Content/VREditor/TransformGizmo/Main.uasset" 387
"../../../Engine/Content/VREditor/TransformGizmo/Main.uexp" 388
"../../../Engine/Content/VREditor/TransformGizmo/SM_Sequencer_Key.uasset" 389
"../../../Engine/Content/VREditor/TransformGizmo/SM_Sequencer_Key.uexp" 390
"../../../Engine/Content/VREditor/TransformGizmo/SM_Sequencer_Node.uasset" 391
"../../../Engine/Content/VREditor/TransformGizmo/SM_Sequencer_Node.uexp" 392
"../../../Engine/Plugins/2D/Paper2D/Content/PlaceholderTextures/DummySpriteTexture.uasset" 393
"../../../Engine/Plugins/2D/Paper2D/Content/PlaceholderTextures/DummySpriteTexture.uexp" 394
"../../../Engine/Plugins/2D/Paper2D/Content/PlaceholderTextures/DummySpriteTexture.ubulk" 395
"../../../Engine/Plugins/2D/Paper2D/Content/DummySprite.uasset" 396
"../../../Engine/Plugins/2D/Paper2D/Content/DummySprite.uexp" 397
"../../../Engine/Plugins/2D/Paper2D/Content/DefaultPaperTerrainMaterial.uasset" 398
"../../../Engine/Plugins/2D/Paper2D/Content/DefaultPaperTerrainMaterial.uexp" 399
"../../../Engine/Plugins/2D/Paper2D/Content/DefaultSpriteMaterial.uasset" 400
"../../../Engine/Plugins/2D/Paper2D/Content/DefaultSpriteMaterial.uexp" 401
"../../../Engine/Plugins/2D/Paper2D/Content/MaskedUnlitSpriteMaterial.uasset" 402
"../../../Engine/Plugins/2D/Paper2D/Content/MaskedUnlitSpriteMaterial.uexp" 403
"../../../Engine/Plugins/2D/Paper2D/Content/OpaqueUnlitSpriteMaterial.uasset" 404
"../../../Engine/Plugins/2D/Paper2D/Content/OpaqueUnlitSpriteMaterial.uexp" 405
"../../../Engine/Content/Functions/Engine_MaterialFunctions02/Utility/VectorLength.uasset" 406
"../../../Engine/Content/Functions/Engine_MaterialFunctions02/Utility/VectorLength.uexp" 407
"../../../Engine/Content/Functions/Engine_MaterialFunctions02/ObjectLocalBounds.uasset" 408
"../../../Engine/Content/Functions/Engine_MaterialFunctions02/ObjectLocalBounds.uexp" 409
"../../../Engine/Content/Functions/Engine_MaterialFunctions02/Utility/BreakOutFloat3Components.uasset" 410
"../../../Engine/Content/Functions/Engine_MaterialFunctions02/Utility/BreakOutFloat3Components.uexp" 411
"../../../Engine/Content/Functions/Engine_MaterialFunctions02/WorldPositionOffset/ObjectScale.uasset" 412
"../../../Engine/Content/Functions/Engine_MaterialFunctions02/WorldPositionOffset/ObjectScale.uexp" 413
"../../../Engine/Plugins/Editor/SpeedTreeImporter/Content/SpeedTree9/UnpackInteger3.uasset" 414
"../../../Engine/Plugins/Editor/SpeedTreeImporter/Content/SpeedTree9/UnpackInteger3.uexp" 415
"../../../Engine/Plugins/Editor/SpeedTreeImporter/Content/SpeedTree9/UnpackDirection.uasset" 416
"../../../Engine/Plugins/Editor/SpeedTreeImporter/Content/SpeedTree9/UnpackDirection.uexp" 417
"../../../Engine/Plugins/Editor/SpeedTreeImporter/Content/SpeedTree9/game_wind_noise.uasset" 418
"../../../Engine/Plugins/Editor/SpeedTreeImporter/Content/SpeedTree9/game_wind_noise.uexp" 419
"../../../Engine/Plugins/Editor/SpeedTreeImporter/Content/SpeedTree9/game_wind_noise.ubulk" 420
"../../../Engine/Content/Functions/Engine_MaterialFunctions02/SafeNormalize.uasset" 421
"../../../Engine/Content/Functions/Engine_MaterialFunctions02/SafeNormalize.uexp" 422
"../../../Engine/Plugins/Editor/SpeedTreeImporter/Content/SpeedTree9/SpeedTreeWindMotion.uasset" 423
"../../../Engine/Plugins/Editor/SpeedTreeImporter/Content/SpeedTree9/SpeedTreeWindMotion.uexp" 424
"../../../Engine/Plugins/Editor/SpeedTreeImporter/Content/SpeedTree9/SpeedTreeBranchMotion.uasset" 425
"../../../Engine/Plugins/Editor/SpeedTreeImporter/Content/SpeedTree9/SpeedTreeBranchMotion.uexp" 426
"../../../Engine/Content/Functions/Engine_MaterialFunctions02/UVs/BoundingBoxBased_0-1_UVW.uasset" 427
"../../../Engine/Content/Functions/Engine_MaterialFunctions02/UVs/BoundingBoxBased_0-1_UVW.uexp" 428
"../../../Engine/Plugins/Editor/SpeedTreeImporter/Content/SpeedTree9/SpeedTreeWind.uasset" 429
"../../../Engine/Plugins/Editor/SpeedTreeImporter/Content/SpeedTree9/SpeedTreeWind.uexp" 430
"../../../Engine/Plugins/Editor/SpeedTreeImporter/Content/SpeedTree9/SpeedTreeBillboard.uasset" 431
"../../../Engine/Plugins/Editor/SpeedTreeImporter/Content/SpeedTree9/SpeedTreeBillboard.uexp" 432
"../../../Engine/Plugins/Editor/SpeedTreeImporter/Content/SpeedTree9/EmptyNormal.uasset" 433
"../../../Engine/Plugins/Editor/SpeedTreeImporter/Content/SpeedTree9/EmptyNormal.uexp" 434
"../../../Engine/Plugins/Editor/SpeedTreeImporter/Content/SpeedTree9/Empty.uasset" 435
"../../../Engine/Plugins/Editor/SpeedTreeImporter/Content/SpeedTree9/Empty.uexp" 436
"../../../Engine/Plugins/Editor/SpeedTreeImporter/Content/SpeedTree9/SpeedTreeBillboardMaster.uasset" 437
"../../../Engine/Plugins/Editor/SpeedTreeImporter/Content/SpeedTree9/SpeedTreeBillboardMaster.uexp" 438
"../../../Engine/Plugins/Editor/SpeedTreeImporter/Content/SpeedTree9/SpeedTreeCameraFacing.uasset" 439
"../../../Engine/Plugins/Editor/SpeedTreeImporter/Content/SpeedTree9/SpeedTreeCameraFacing.uexp" 440
"../../../Engine/Plugins/Editor/SpeedTreeImporter/Content/SpeedTree9/SpeedTreeMaster.uasset" 441
"../../../Engine/Plugins/Editor/SpeedTreeImporter/Content/SpeedTree9/SpeedTreeMaster.uexp" 442
"../../../Engine/Content/BasicShapes/Cylinder.uasset" 443
"../../../Engine/Content/BasicShapes/Cylinder.uexp" 444
"../../../Engine/Content/ArtTools/RenderToTexture/Materials/Debug/M_Emissive_Color.uasset" 445
"../../../Engine/Content/ArtTools/RenderToTexture/Materials/Debug/M_Emissive_Color.uexp" 446
"../../../Engine/Plugins/Lumin/MagicLeapPassableWorld/Content/MagicLeapARPinInfoActor.uasset" 447
"../../../Engine/Plugins/Lumin/MagicLeapPassableWorld/Content/MagicLeapARPinInfoActor.uexp" 448
"../../../Engine/Content/EngineResources/Black.uasset" 449
"../../../Engine/Content/EngineResources/Black.uexp" 450
"../../../Engine/Content/Functions/Engine_MaterialFunctions02/Utility/MakeFloat3.uasset" 451
"../../../Engine/Content/Functions/Engine_MaterialFunctions02/Utility/MakeFloat3.uexp" 452
"../../../Engine/Content/Functions/Engine_MaterialFunctions02/Utility/BreakOutFloat4Components.uasset" 453
"../../../Engine/Content/Functions/Engine_MaterialFunctions02/Utility/BreakOutFloat4Components.uexp" 454
"C:/Users/Brandon/Documents/Unreal Engine Projects/GameJam3/Content/TitleScreen/quack.uasset" 455
"C:/Users/Brandon/Documents/Unreal Engine Projects/GameJam3/Content/TitleScreen/quack.uexp" 456
"C:/Users/Brandon/Documents/Unreal Engine Projects/GameJam3/Content/TitleScreen/Panda-San.uasset" 457
"C:/Users/Brandon/Documents/Unreal Engine Projects/GameJam3/Content/TitleScreen/Panda-San.uexp" 458
"../../../Engine/Content/Functions/Engine_MaterialFunctions02/ExampleContent/Textures/flipbook.uasset" 459
"../../../Engine/Content/Functions/Engine_MaterialFunctions02/ExampleContent/Textures/flipbook.uexp" 460
"../../../Engine/Content/Functions/Engine_MaterialFunctions02/ExampleContent/Textures/flipbook.ubulk" 461
"../../../Engine/Content/Functions/Engine_MaterialFunctions02/ExampleContent/Textures/DebugNumberPeriod.uasset" 462
"../../../Engine/Content/Functions/Engine_MaterialFunctions02/ExampleContent/Textures/DebugNumberPeriod.uexp" 463
"../../../Engine/Content/Functions/Engine_MaterialFunctions02/ExampleContent/DebugNumberStrip.uasset" 464
"../../../Engine/Content/Functions/Engine_MaterialFunctions02/ExampleContent/DebugNumberStrip.uexp" 465
"../../../Engine/Content/Functions/Engine_MaterialFunctions01/Texturing/TextureCropping.uasset" 466
"../../../Engine/Content/Functions/Engine_MaterialFunctions01/Texturing/TextureCropping.uexp" 467
"../../../Engine/Content/Functions/Engine_MaterialFunctions01/Texturing/ComputeMipLevel.uasset" 468
"../../../Engine/Content/Functions/Engine_MaterialFunctions01/Texturing/ComputeMipLevel.uexp" 469
"../../../Engine/Content/Functions/Engine_MaterialFunctions02/Utility/DebugScalarValues.uasset" 470
"../../../Engine/Content/Functions/Engine_MaterialFunctions02/Utility/DebugScalarValues.uexp" 471
"../../../Engine/Content/Functions/Engine_MaterialFunctions02/Utility/DebugFloat2Values.uasset" 472
"../../../Engine/Content/Functions/Engine_MaterialFunctions02/Utility/DebugFloat2Values.uexp" 473
"../../../Engine/Content/Functions/Engine_MaterialFunctions02/Texturing/FlipBook.uasset" 474
"../../../Engine/Content/Functions/Engine_MaterialFunctions02/Texturing/FlipBook.uexp" 475
"C:/Users/Brandon/Documents/Unreal Engine Projects/GameJam3/Content/Levels/LevelAssets/Coins/Gold_Coins.uasset" 476
"C:/Users/Brandon/Documents/Unreal Engine Projects/GameJam3/Content/Levels/LevelAssets/Coins/Gold_Coins.uexp" 477
"C:/Users/Brandon/Documents/Unreal Engine Projects/GameJam3/Content/TitleScreen/test2.uasset" 478
"C:/Users/Brandon/Documents/Unreal Engine Projects/GameJam3/Content/TitleScreen/test2.uexp" 479
"C:/Users/Brandon/Documents/Unreal Engine Projects/GameJam3/Content/TitleScreen/Credits.uasset" 480
"C:/Users/Brandon/Documents/Unreal Engine Projects/GameJam3/Content/TitleScreen/Credits.uexp" 481
"C:/Users/Brandon/Documents/Unreal Engine Projects/GameJam3/Content/Options/Master.uasset" 482
"C:/Users/Brandon/Documents/Unreal Engine Projects/GameJam3/Content/Options/Master.uexp" 483
"C:/Users/Brandon/Documents/Unreal Engine Projects/GameJam3/Content/Levels/LevelAssets/Coins/Coin_1.uasset" 484
"C:/Users/Brandon/Documents/Unreal Engine Projects/GameJam3/Content/Levels/LevelAssets/Coins/Coin_1.uexp" 485
"C:/Users/Brandon/Documents/Unreal Engine Projects/GameJam3/Content/Levels/LevelAssets/Coins/Coin_1_Cue.uasset" 486
"C:/Users/Brandon/Documents/Unreal Engine Projects/GameJam3/Content/Levels/LevelAssets/Coins/Coin_1_Cue.uexp" 487
"C:/Users/Brandon/Documents/Unreal Engine Projects/GameJam3/Content/TitleScreen/MainMenu.uasset" 488
"C:/Users/Brandon/Documents/Unreal Engine Projects/GameJam3/Content/TitleScreen/MainMenu.uexp" 489
"C:/Users/Brandon/Documents/Unreal Engine Projects/GameJam3/Content/StarterContent/Audio/Starter_Music01.uasset" 490
"C:/Users/Brandon/Documents/Unreal Engine Projects/GameJam3/Content/StarterContent/Audio/Starter_Music01.uexp" 491
"C:/Users/Brandon/Documents/Unreal Engine Projects/GameJam3/Content/StarterContent/Audio/Starter_Music_Cue.uasset" 492
"C:/Users/Brandon/Documents/Unreal Engine Projects/GameJam3/Content/StarterContent/Audio/Starter_Music_Cue.uexp" 493
"C:/Users/Brandon/Documents/Unreal Engine Projects/GameJam3/Content/TitleScreen/TitleScreen.uexp" 494
"C:/Users/Brandon/Documents/Unreal Engine Projects/GameJam3/Content/TitleScreen/TitleScreen.umap" 495
"../../../Engine/Content/Maps/Entry_BuiltData.uasset" 496
"../../../Engine/Content/Maps/Entry_BuiltData.uexp" 497
"../../../Engine/Content/Maps/Entry.uexp" 498
"../../../Engine/Content/Maps/Entry.umap" 499
